<?xml version="1.0" encoding="UTF-8"?>
<!-- Generated by org.testng.reporters.JUnitReportReporter -->
<testsuite hostname="Admin-PC" failures="0" tests="1" name="test.SearchCarTest" time="12.674" errors="0" timestamp="07 Oct 2020 04:58:28 GMT" skipped="0">
  <testcase classname="test.SearchCarTest" name="searchCarTest" time="12.674"/>
</testsuite> <!-- test.SearchCarTest -->
