<?xml version="1.0" encoding="UTF-8"?>
<!-- Generated by org.testng.reporters.JUnitReportReporter -->
<testsuite hostname="Admin-PC" failures="0" tests="1" name="com.cognizant.Search" time="42.703" errors="0" timestamp="07 Oct 2020 02:50:53 GMT" skipped="0">
  <testcase classname="com.cognizant.Search" name="searching" time="42.703"/>
</testsuite> <!-- com.cognizant.Search -->
